<?xml version="1.0" encoding="UTF-8"?>
<!-- Generated by org.testng.reporters.JUnitReportReporter -->
<testsuite hostname="MTYLP032" failures="0" tests="1" name="printerlogic.login" time="11.701" errors="0" timestamp="2020-02-10T15:00:02 CST" skipped="0">
  <testcase classname="printerlogic.login" name="LoginPass" time="11.701"/>
</testsuite> <!-- printerlogic.login -->
