<?xml version="1.0" encoding="UTF-8"?>
<!-- Generated by org.testng.reporters.JUnitReportReporter -->
<testsuite hostname="MTYLP032" failures="0" tests="1" name="printerlogic.login" time="16.431" errors="0" timestamp="2020-02-12T10:34:49 CST" skipped="0">
  <testcase classname="printerlogic.login" name="LostPassword" time="16.431"/>
</testsuite> <!-- printerlogic.login -->
